<?xml version="1.0" encoding="UTF-8"?>
<testng-results total="1" passed="1" failed="0" skipped="0">
  <reporter-output>
  </reporter-output>
  <suite started-at="2023-06-02T06:03:41Z" name="Default suite" finished-at="2023-06-02T06:03:51Z" duration-ms="10643">
    <groups>
    </groups>
    <test started-at="2023-06-02T06:03:41Z" name="Default test" finished-at="2023-06-02T06:03:51Z" duration-ms="10643">
      <class name="com.testing.test7">
        <test-method signature="f()[pri:0, instance:com.testing.test7@5c80cf32]" started-at="2023-06-02T11:33:41Z" name="f" finished-at="2023-06-02T11:33:51Z" duration-ms="10624" status="PASS">
          <reporter-output>
          </reporter-output>
        </test-method> <!-- f -->
      </class> <!-- com.testing.test7 -->
    </test> <!-- Default test -->
  </suite> <!-- Default suite -->
</testng-results>
